<?xml version="1.0" encoding="UTF-8"?>
<testsuite name="practica13.Practica13ApplicationTests" tests="1" skipped="0" failures="0" errors="0" timestamp="2020-07-25T14:55:25" hostname="leonardo-7537" time="0.069">
  <properties/>
  <testcase name="contextLoads" classname="practica13.Practica13ApplicationTests" time="0.069"/>
  <system-out><![CDATA[10:55:14.440 [Test worker] DEBUG org.springframework.test.context.junit4.SpringJUnit4ClassRunner - SpringJUnit4ClassRunner constructor called with [class practica13.Practica13ApplicationTests]
10:55:14.450 [Test worker] DEBUG org.springframework.test.context.BootstrapUtils - Instantiating CacheAwareContextLoaderDelegate from class [org.springframework.test.context.cache.DefaultCacheAwareContextLoaderDelegate]
10:55:14.460 [Test worker] DEBUG org.springframework.test.context.BootstrapUtils - Instantiating BootstrapContext using constructor [public org.springframework.test.context.support.DefaultBootstrapContext(java.lang.Class,org.springframework.test.context.CacheAwareContextLoaderDelegate)]
10:55:14.485 [Test worker] DEBUG org.springframework.test.context.BootstrapUtils - Instantiating TestContextBootstrapper for test class [practica13.Practica13ApplicationTests] from class [org.springframework.boot.test.context.SpringBootTestContextBootstrapper]
10:55:14.499 [Test worker] INFO org.springframework.boot.test.context.SpringBootTestContextBootstrapper - Neither @ContextConfiguration nor @ContextHierarchy found for test class [practica13.Practica13ApplicationTests], using SpringBootContextLoader
10:55:14.505 [Test worker] DEBUG org.springframework.test.context.support.AbstractContextLoader - Did not detect default resource location for test class [practica13.Practica13ApplicationTests]: class path resource [practica13/Practica13ApplicationTests-context.xml] does not exist
10:55:14.506 [Test worker] DEBUG org.springframework.test.context.support.AbstractContextLoader - Did not detect default resource location for test class [practica13.Practica13ApplicationTests]: class path resource [practica13/Practica13ApplicationTestsContext.groovy] does not exist
10:55:14.507 [Test worker] INFO org.springframework.test.context.support.AbstractContextLoader - Could not detect default resource locations for test class [practica13.Practica13ApplicationTests]: no resource found for suffixes {-context.xml, Context.groovy}.
10:55:14.509 [Test worker] INFO org.springframework.test.context.support.AnnotationConfigContextLoaderUtils - Could not detect default configuration classes for test class [practica13.Practica13ApplicationTests]: Practica13ApplicationTests does not declare any static, non-private, non-final, nested classes annotated with @Configuration.
10:55:14.561 [Test worker] DEBUG org.springframework.test.context.support.ActiveProfilesUtils - Could not find an 'annotation declaring class' for annotation type [org.springframework.test.context.ActiveProfiles] and class [practica13.Practica13ApplicationTests]
10:55:14.655 [Test worker] DEBUG org.springframework.context.annotation.ClassPathScanningCandidateComponentProvider - Identified candidate component class: file [/home/leonardo/IdeaProjects/poll-app-docker-compose/build/classes/java/main/practica13/Practica13App.class]
10:55:14.658 [Test worker] INFO org.springframework.boot.test.context.SpringBootTestContextBootstrapper - Found @SpringBootConfiguration practica13.Practica13App for test class practica13.Practica13ApplicationTests
10:55:14.817 [Test worker] DEBUG org.springframework.boot.test.context.SpringBootTestContextBootstrapper - @TestExecutionListeners is not present for class [practica13.Practica13ApplicationTests]: using defaults.
10:55:14.817 [Test worker] INFO org.springframework.boot.test.context.SpringBootTestContextBootstrapper - Loaded default TestExecutionListener class names from location [META-INF/spring.factories]: [org.springframework.boot.test.autoconfigure.restdocs.RestDocsTestExecutionListener, org.springframework.boot.test.autoconfigure.web.client.MockRestServiceServerResetTestExecutionListener, org.springframework.boot.test.autoconfigure.web.servlet.MockMvcPrintOnlyOnFailureTestExecutionListener, org.springframework.boot.test.autoconfigure.web.servlet.WebDriverTestExecutionListener, org.springframework.boot.test.mock.mockito.MockitoTestExecutionListener, org.springframework.boot.test.mock.mockito.ResetMocksTestExecutionListener, org.springframework.security.test.context.support.WithSecurityContextTestExecutionListener, org.springframework.security.test.context.support.ReactorContextTestExecutionListener, org.springframework.test.context.web.ServletTestExecutionListener, org.springframework.test.context.support.DirtiesContextBeforeModesTestExecutionListener, org.springframework.test.context.support.DependencyInjectionTestExecutionListener, org.springframework.test.context.support.DirtiesContextTestExecutionListener, org.springframework.test.context.transaction.TransactionalTestExecutionListener, org.springframework.test.context.jdbc.SqlScriptsTestExecutionListener]
10:55:14.848 [Test worker] INFO org.springframework.boot.test.context.SpringBootTestContextBootstrapper - Using TestExecutionListeners: [org.springframework.test.context.web.ServletTestExecutionListener@3881dbf1, org.springframework.test.context.support.DirtiesContextBeforeModesTestExecutionListener@4cba7550, org.springframework.boot.test.mock.mockito.MockitoTestExecutionListener@577ab31e, org.springframework.boot.test.autoconfigure.SpringBootDependencyInjectionTestExecutionListener@6eba210f, org.springframework.test.context.support.DirtiesContextTestExecutionListener@5852317a, org.springframework.test.context.transaction.TransactionalTestExecutionListener@47dddfd5, org.springframework.test.context.jdbc.SqlScriptsTestExecutionListener@453d6673, org.springframework.security.test.context.support.WithSecurityContextTestExecutionListener@7ab09582, org.springframework.security.test.context.support.ReactorContextTestExecutionListener@33a0b24f, org.springframework.boot.test.autoconfigure.restdocs.RestDocsTestExecutionListener@1aaae099, org.springframework.boot.test.autoconfigure.web.client.MockRestServiceServerResetTestExecutionListener@348a1341, org.springframework.boot.test.autoconfigure.web.servlet.MockMvcPrintOnlyOnFailureTestExecutionListener@4ae88cd7, org.springframework.boot.test.autoconfigure.web.servlet.WebDriverTestExecutionListener@7cec7d0f, org.springframework.boot.test.mock.mockito.ResetMocksTestExecutionListener@310ff423]
10:55:14.852 [Test worker] DEBUG org.springframework.test.annotation.ProfileValueUtils - Retrieved @ProfileValueSourceConfiguration [null] for test class [practica13.Practica13ApplicationTests]
10:55:14.853 [Test worker] DEBUG org.springframework.test.annotation.ProfileValueUtils - Retrieved ProfileValueSource type [class org.springframework.test.annotation.SystemProfileValueSource] for class [practica13.Practica13ApplicationTests]
10:55:14.854 [Test worker] DEBUG org.springframework.test.annotation.ProfileValueUtils - Retrieved @ProfileValueSourceConfiguration [null] for test class [practica13.Practica13ApplicationTests]
10:55:14.854 [Test worker] DEBUG org.springframework.test.annotation.ProfileValueUtils - Retrieved ProfileValueSource type [class org.springframework.test.annotation.SystemProfileValueSource] for class [practica13.Practica13ApplicationTests]
10:55:14.861 [Test worker] DEBUG org.springframework.test.context.support.AbstractDirtiesContextTestExecutionListener - Before test class: context [DefaultTestContext@46f36379 testClass = Practica13ApplicationTests, testInstance = [null], testMethod = [null], testException = [null], mergedContextConfiguration = [WebMergedContextConfiguration@6d0c0b5a testClass = Practica13ApplicationTests, locations = '{}', classes = '{class practica13.Practica13App}', contextInitializerClasses = '[]', activeProfiles = '{}', propertySourceLocations = '{}', propertySourceProperties = '{org.springframework.boot.test.context.SpringBootTestContextBootstrapper=true}', contextCustomizers = set[org.springframework.boot.test.autoconfigure.properties.PropertyMappingContextCustomizer@0, org.springframework.boot.test.autoconfigure.web.servlet.WebDriverContextCustomizerFactory$Customizer@35601165, org.springframework.boot.test.context.filter.ExcludeFilterContextCustomizer@1c67ba78, org.springframework.boot.test.json.DuplicateJsonObjectContextCustomizerFactory$DuplicateJsonObjectContextCustomizer@71b48b6d, org.springframework.boot.test.mock.mockito.MockitoContextCustomizer@0, org.springframework.boot.test.web.client.TestRestTemplateContextCustomizer@3d1bf117], resourceBasePath = 'src/main/webapp', contextLoader = 'org.springframework.boot.test.context.SpringBootContextLoader', parent = [null]], attributes = map['org.springframework.test.context.web.ServletTestExecutionListener.activateListener' -> true]], class annotated with @DirtiesContext [false] with mode [null].
10:55:14.862 [Test worker] DEBUG org.springframework.test.annotation.ProfileValueUtils - Retrieved @ProfileValueSourceConfiguration [null] for test class [practica13.Practica13ApplicationTests]
10:55:14.863 [Test worker] DEBUG org.springframework.test.annotation.ProfileValueUtils - Retrieved ProfileValueSource type [class org.springframework.test.annotation.SystemProfileValueSource] for class [practica13.Practica13ApplicationTests]
10:55:14.889 [Test worker] DEBUG org.springframework.test.context.support.TestPropertySourceUtils - Adding inlined properties to environment: {spring.jmx.enabled=false, org.springframework.boot.test.context.SpringBootTestContextBootstrapper=true, server.port=-1}

  .   ____          _            __ _ _
 /\\ / ___'_ __ _ _(_)_ __  __ _ \ \ \ \
( ( )\___ | '_ | '_| | '_ \/ _` | \ \ \ \
 \\/  ___)| |_)| | | | | || (_| |  ) ) ) )
  '  |____| .__|_| |_|_| |_\__, | / / / /
 =========|_|==============|___/=/_/_/_/
 :: Spring Boot ::        (v2.1.1.RELEASE)

2020-07-25 10:55:15.309  WARN 14474 --- [    Test worker] ory$DuplicateJsonObjectContextCustomizer : 

Found multiple occurrences of org.json.JSONObject on the class path:

	jar:file:/home/leonardo/.gradle/caches/modules-2/files-2.1/org.json/json/20140107/d1ffca6e2482b002702c6a576166fd685e3370e3/json-20140107.jar!/org/json/JSONObject.class
	jar:file:/home/leonardo/.gradle/caches/modules-2/files-2.1/com.vaadin.external.google/android-json/0.0.20131108.vaadin1/fa26d351fe62a6a17f5cda1287c1c6110dec413f/android-json-0.0.20131108.vaadin1.jar!/org/json/JSONObject.class

You may wish to exclude one of them to ensure predictable runtime behavior

2020-07-25 10:55:15.355  INFO 14474 --- [    Test worker] practica13.Practica13ApplicationTests    : Starting Practica13ApplicationTests on leonardo-7537 with PID 14474 (started by leonardo in /home/leonardo/IdeaProjects/poll-app-docker-compose)
2020-07-25 10:55:15.357  INFO 14474 --- [    Test worker] practica13.Practica13ApplicationTests    : The following profiles are active: @activatedProperties@
2020-07-25 10:55:16.794  INFO 14474 --- [    Test worker] .s.d.r.c.RepositoryConfigurationDelegate : Bootstrapping Spring Data repositories in DEFAULT mode.
2020-07-25 10:55:17.123  INFO 14474 --- [    Test worker] .s.d.r.c.RepositoryConfigurationDelegate : Finished Spring Data repository scanning in 316ms. Found 3 repository interfaces.
2020-07-25 10:55:17.901  INFO 14474 --- [    Test worker] trationDelegate$BeanPostProcessorChecker : Bean 'org.springframework.transaction.annotation.ProxyTransactionManagementConfiguration' of type [org.springframework.transaction.annotation.ProxyTransactionManagementConfiguration$$EnhancerBySpringCGLIB$$c029964d] is not eligible for getting processed by all BeanPostProcessors (for example: not eligible for auto-proxying)
2020-07-25 10:55:17.988  INFO 14474 --- [    Test worker] trationDelegate$BeanPostProcessorChecker : Bean 'org.springframework.security.config.annotation.configuration.ObjectPostProcessorConfiguration' of type [org.springframework.security.config.annotation.configuration.ObjectPostProcessorConfiguration$$EnhancerBySpringCGLIB$$58d75e87] is not eligible for getting processed by all BeanPostProcessors (for example: not eligible for auto-proxying)
2020-07-25 10:55:18.006  INFO 14474 --- [    Test worker] trationDelegate$BeanPostProcessorChecker : Bean 'objectPostProcessor' of type [org.springframework.security.config.annotation.configuration.AutowireBeanFactoryObjectPostProcessor] is not eligible for getting processed by all BeanPostProcessors (for example: not eligible for auto-proxying)
2020-07-25 10:55:18.009  INFO 14474 --- [    Test worker] trationDelegate$BeanPostProcessorChecker : Bean 'org.springframework.security.access.expression.method.DefaultMethodSecurityExpressionHandler@930fcc' of type [org.springframework.security.access.expression.method.DefaultMethodSecurityExpressionHandler] is not eligible for getting processed by all BeanPostProcessors (for example: not eligible for auto-proxying)
2020-07-25 10:55:18.023  INFO 14474 --- [    Test worker] trationDelegate$BeanPostProcessorChecker : Bean 'org.springframework.security.config.annotation.method.configuration.GlobalMethodSecurityConfiguration' of type [org.springframework.security.config.annotation.method.configuration.GlobalMethodSecurityConfiguration$$EnhancerBySpringCGLIB$$7dac0139] is not eligible for getting processed by all BeanPostProcessors (for example: not eligible for auto-proxying)
2020-07-25 10:55:18.041  INFO 14474 --- [    Test worker] trationDelegate$BeanPostProcessorChecker : Bean 'methodSecurityMetadataSource' of type [org.springframework.security.access.method.DelegatingMethodSecurityMetadataSource] is not eligible for getting processed by all BeanPostProcessors (for example: not eligible for auto-proxying)
2020-07-25 10:55:18.641  INFO 14474 --- [    Test worker] com.zaxxer.hikari.HikariDataSource       : HikariPool-1 - Starting...
2020-07-25 10:55:19.296  INFO 14474 --- [    Test worker] com.zaxxer.hikari.HikariDataSource       : HikariPool-1 - Start completed.
2020-07-25 10:55:19.512  INFO 14474 --- [    Test worker] o.hibernate.jpa.internal.util.LogHelper  : HHH000204: Processing PersistenceUnitInfo [
	name: default
	...]
2020-07-25 10:55:19.652  INFO 14474 --- [    Test worker] org.hibernate.Version                    : HHH000412: Hibernate Core {5.3.7.Final}
2020-07-25 10:55:19.655  INFO 14474 --- [    Test worker] org.hibernate.cfg.Environment            : HHH000206: hibernate.properties not found
2020-07-25 10:55:19.902  INFO 14474 --- [    Test worker] o.hibernate.annotations.common.Version   : HCANN000001: Hibernate Commons Annotations {5.0.4.Final}
2020-07-25 10:55:20.090  INFO 14474 --- [    Test worker] org.hibernate.dialect.Dialect            : HHH000400: Using dialect: org.hibernate.dialect.H2Dialect
2020-07-25 10:55:21.300  INFO 14474 --- [    Test worker] o.h.t.schema.internal.SchemaCreatorImpl  : HHH000476: Executing import script 'org.hibernate.tool.schema.internal.exec.ScriptSourceInputNonExistentImpl@715257d4'
2020-07-25 10:55:21.304  INFO 14474 --- [    Test worker] j.LocalContainerEntityManagerFactoryBean : Initialized JPA EntityManagerFactory for persistence unit 'default'
2020-07-25 10:55:24.295  INFO 14474 --- [    Test worker] o.s.s.concurrent.ThreadPoolTaskExecutor  : Initializing ExecutorService 'applicationTaskExecutor'
2020-07-25 10:55:24.408  WARN 14474 --- [    Test worker] aWebConfiguration$JpaWebMvcConfiguration : spring.jpa.open-in-view is enabled by default. Therefore, database queries may be performed during view rendering. Explicitly configure spring.jpa.open-in-view to disable this warning
2020-07-25 10:55:24.735  INFO 14474 --- [    Test worker] o.s.b.a.w.s.WelcomePageHandlerMapping    : Adding welcome page template: index
2020-07-25 10:55:25.444  INFO 14474 --- [    Test worker] o.s.s.web.DefaultSecurityFilterChain     : Creating filter chain: any request, [org.springframework.security.web.context.request.async.WebAsyncManagerIntegrationFilter@6d9dd67a, org.springframework.security.web.context.SecurityContextPersistenceFilter@4f12a7b0, org.springframework.security.web.header.HeaderWriterFilter@4256fd13, org.springframework.security.web.authentication.logout.LogoutFilter@1da74d4, org.springframework.security.web.authentication.UsernamePasswordAuthenticationFilter@39553d3f, org.springframework.security.web.authentication.www.BasicAuthenticationFilter@5d26080, org.springframework.security.web.savedrequest.RequestCacheAwareFilter@9adf3ba, org.springframework.security.web.servletapi.SecurityContextHolderAwareRequestFilter@1b93801a, org.springframework.security.web.authentication.AnonymousAuthenticationFilter@30cf67b1, org.springframework.security.web.session.SessionManagementFilter@223a2c05, org.springframework.security.web.access.ExceptionTranslationFilter@77f4d1a, org.springframework.security.web.access.intercept.FilterSecurityInterceptor@3ef12c8b]
2020-07-25 10:55:25.699  INFO 14474 --- [    Test worker] practica13.Practica13ApplicationTests    : Started Practica13ApplicationTests in 10.8 seconds (JVM running for 12.456)
]]></system-out>
  <system-err><![CDATA[]]></system-err>
</testsuite>
